{
  "RSpec": {
    "coverage": {
      "/Users/jeneveparrish/Turing/3module/pivot/pivot_ticket/app/helpers/application_helper.rb": [
        1,
        1,
        136,
        102,
        null,
        34,
        null,
        null,
        null,
        1,
        4,
        2,
        null,
        null,
        null,
        2,
        null,
        null,
        null,
        null,
        null,
        1,
        4,
        0,
        null,
        null,
        null
      ],
      "/Users/jeneveparrish/Turing/3module/pivot/pivot_ticket/app/helpers/category_helper.rb": [
        1,
        1,
        12,
        12,
        null,
        null,
        1,
        6,
        1,
        null,
        null,
        null,
        5,
        null,
        null,
        null,
        null,
        null
      ],
      "/Users/jeneveparrish/Turing/3module/pivot/pivot_ticket/app/helpers/nav_helper.rb": [
        1,
        1,
        136,
        null,
        null,
        1,
        136,
        41,
        95,
        61,
        null,
        null,
        null,
        1,
        136,
        34,
        null,
        102,
        20,
        20,
        82,
        29,
        null,
        null,
        null
      ],
      "/Users/jeneveparrish/Turing/3module/pivot/pivot_ticket/app/helpers/orders_helper.rb": [
        1,
        1,
        24,
        8,
        null,
        null,
        null,
        16,
        8,
        null,
        null,
        null,
        null,
        null,
        null,
        1,
        24,
        4,
        null,
        null,
        null,
        20,
        null,
        null,
        null,
        null,
        null,
        null,
        null
      ],
      "/Users/jeneveparrish/Turing/3module/pivot/pivot_ticket/app/helpers/tickets_helper.rb": [
        1,
        1,
        10,
        3,
        null,
        7,
        null,
        null,
        null,
        null,
        null,
        null,
        1,
        4,
        4,
        4,
        null,
        null
      ],
      "/Users/jeneveparrish/Turing/3module/pivot/pivot_ticket/app/helpers/venues_helper.rb": [
        1,
        null,
        1,
        2,
        2,
        2,
        null,
        null,
        null
      ],
      "/Users/jeneveparrish/Turing/3module/pivot/pivot_ticket/app/mailers/item_sender.rb": [
        1,
        null,
        1,
        8,
        8,
        8,
        8,
        8,
        null,
        null,
        1,
        8,
        4,
        4,
        4,
        null,
        null,
        null
      ],
      "/Users/jeneveparrish/Turing/3module/pivot/pivot_ticket/app/mailers/application_mailer.rb": [
        1,
        1,
        1,
        null
      ],
      "/Users/jeneveparrish/Turing/3module/pivot/pivot_ticket/app/models/cart_ticket.rb": [
        1,
        1,
        null,
        1,
        31,
        31,
        31,
        null,
        null,
        1,
        29,
        null,
        null
      ],
      "/Users/jeneveparrish/Turing/3module/pivot/pivot_ticket/app/models/category.rb": [
        1,
        1,
        1,
        1,
        null,
        1,
        1,
        null,
        null
      ],
      "/Users/jeneveparrish/Turing/3module/pivot/pivot_ticket/app/models/order_builder.rb": [
        1,
        1,
        null,
        1,
        4,
        4,
        null,
        null,
        1,
        4,
        4,
        null,
        null,
        1,
        4,
        6,
        null,
        null,
        null,
        null,
        null,
        null
      ],
      "/Users/jeneveparrish/Turing/3module/pivot/pivot_ticket/app/models/order_ticket.rb": [
        1,
        1,
        1,
        null,
        1,
        8,
        null,
        null,
        null,
        null,
        null,
        null
      ],
      "/Users/jeneveparrish/Turing/3module/pivot/pivot_ticket/app/models/concerns/order.rb": [
        1,
        1,
        1,
        1,
        1,
        null,
        null,
        null,
        null,
        null,
        null,
        1,
        null,
        1,
        3,
        null,
        null,
        1,
        11,
        null,
        null,
        1,
        7,
        5,
        null,
        null,
        1,
        27,
        null,
        null,
        1,
        29,
        null,
        null
      ],
      "/Users/jeneveparrish/Turing/3module/pivot/pivot_ticket/app/models/role.rb": [
        1,
        1,
        1,
        null,
        1,
        1,
        null,
        null
      ],
      "/Users/jeneveparrish/Turing/3module/pivot/pivot_ticket/app/models/tag.rb": [
        1,
        1,
        1,
        null,
        1,
        2,
        2,
        1,
        null,
        null,
        null,
        1,
        2,
        2,
        4,
        null,
        null,
        null,
        1,
        2,
        4,
        null,
        null,
        null
      ],
      "/Users/jeneveparrish/Turing/3module/pivot/pivot_ticket/app/models/ticket.rb": [
        1,
        1,
        1,
        1,
        1,
        1,
        1,
        1,
        1,
        1,
        1,
        null,
        null,
        1,
        null,
        1,
        0,
        null,
        null,
        1,
        5,
        null,
        null,
        1,
        13,
        null,
        null,
        1,
        5,
        null,
        null,
        1,
        1,
        null,
        null,
        1,
        0,
        null,
        null,
        1,
        0,
        null,
        null
      ],
      "/Users/jeneveparrish/Turing/3module/pivot/pivot_ticket/app/models/ticket_tag.rb": [
        1,
        1,
        1,
        null
      ],
      "/Users/jeneveparrish/Turing/3module/pivot/pivot_ticket/app/models/user_role.rb": [
        1,
        1,
        1,
        null
      ],
      "/Users/jeneveparrish/Turing/3module/pivot/pivot_ticket/app/models/user.rb": [
        1,
        1,
        null,
        1,
        1,
        1,
        1,
        1,
        1,
        1,
        1,
        null,
        1,
        null,
        1,
        3,
        null,
        null,
        null,
        3,
        3,
        null,
        null,
        1,
        3,
        null,
        null,
        null,
        null,
        null,
        null,
        null,
        1,
        296,
        null,
        null,
        1,
        37,
        null,
        null,
        1,
        null,
        296,
        null,
        null,
        null,
        null,
        null,
        null,
        null,
        1,
        null,
        260,
        null,
        null
      ],
      "/Users/jeneveparrish/Turing/3module/pivot/pivot_ticket/app/models/venue.rb": [
        1,
        1,
        1,
        1,
        1,
        1,
        1,
        1,
        null,
        1,
        null,
        1,
        null,
        1,
        null,
        1,
        48,
        null,
        null,
        1,
        4,
        null,
        null,
        1,
        1,
        null,
        null
      ],
      "/Users/jeneveparrish/Turing/3module/pivot/pivot_ticket/app/models/event.rb": [
        1,
        1,
        1,
        1,
        null,
        1,
        null,
        1,
        null,
        1,
        9,
        null,
        null,
        1,
        9,
        null,
        null,
        1,
        51,
        null,
        null,
        1,
        0,
        null,
        null,
        1,
        0,
        null,
        null
      ],
      "/Users/jeneveparrish/Turing/3module/pivot/pivot_ticket/app/controllers/application_controller.rb": [
        1,
        1,
        1,
        1,
        null,
        1,
        null,
        1,
        314,
        null,
        null,
        1,
        333,
        null,
        null,
        1,
        3,
        null,
        null,
        1,
        7,
        null,
        null,
        1,
        0,
        null,
        null,
        1,
        178,
        null,
        null,
        1,
        178,
        9,
        null,
        null,
        null
      ],
      "/Users/jeneveparrish/Turing/3module/pivot/pivot_ticket/app/controllers/admin/dashboard_controller.rb": [
        1,
        1,
        13,
        null,
        null
      ],
      "/Users/jeneveparrish/Turing/3module/pivot/pivot_ticket/app/controllers/admin/base_controller.rb": [
        1,
        null,
        1,
        1,
        null,
        null,
        1,
        0,
        null,
        null,
        1,
        1,
        1,
        null,
        null,
        1,
        null,
        null,
        1,
        0,
        null,
        null,
        1,
        12,
        null,
        null,
        1,
        11,
        11,
        null,
        null,
        null,
        null
      ],
      "/Users/jeneveparrish/Turing/3module/pivot/pivot_ticket/app/models/cart.rb": [
        1,
        1,
        1,
        186,
        null,
        null,
        1,
        12,
        12,
        null,
        null,
        1,
        25,
        null,
        null,
        1,
        22,
        28,
        28,
        null,
        null,
        null,
        1,
        2,
        null,
        null,
        1,
        1,
        null,
        null,
        1,
        136,
        null,
        null
      ],
      "/Users/jeneveparrish/Turing/3module/pivot/pivot_ticket/app/services/permissions_service.rb": [
        1,
        1,
        null,
        1,
        null,
        null,
        null,
        null,
        null,
        1,
        178,
        178,
        178,
        null,
        null,
        1,
        null,
        52,
        29,
        32,
        null,
        65,
        178,
        null,
        null,
        1,
        null,
        1,
        52,
        45,
        28,
        15,
        13,
        8,
        1,
        1,
        null,
        null,
        1,
        30,
        29,
        12,
        6,
        0,
        0,
        0,
        0,
        null,
        null,
        1,
        33,
        29,
        25,
        25,
        23,
        23,
        null,
        null,
        1,
        88,
        87,
        60,
        59,
        37,
        36,
        32,
        11,
        null,
        null,
        1,
        784,
        null,
        null,
        1,
        125,
        null,
        null,
        1,
        401,
        null,
        null
      ],
      "/Users/jeneveparrish/Turing/3module/pivot/pivot_ticket/app/controllers/admin/orders_controller.rb": [
        1,
        1,
        null,
        1,
        12,
        null,
        null,
        1,
        3,
        3,
        2,
        null,
        3,
        null,
        null,
        1,
        2,
        2,
        null,
        null,
        1,
        null,
        1,
        5,
        null,
        null
      ],
      "/Users/jeneveparrish/Turing/3module/pivot/pivot_ticket/app/controllers/admin/categories_controller.rb": [
        1,
        1,
        3,
        null,
        null,
        1,
        2,
        2,
        1,
        null,
        1,
        1,
        null,
        null,
        null,
        1,
        null,
        1,
        2,
        null,
        null
      ],
      "/Users/jeneveparrish/Turing/3module/pivot/pivot_ticket/app/controllers/admin/events_controller.rb": [
        1,
        null,
        1,
        0,
        null,
        null,
        1,
        2,
        2,
        2,
        null,
        null,
        1,
        1,
        1,
        1,
        1,
        null,
        0,
        0,
        null,
        null,
        null,
        1,
        1,
        1,
        null,
        null,
        1,
        1,
        1,
        1,
        1,
        null,
        0,
        0,
        null,
        null,
        null,
        1,
        1,
        1,
        1,
        1,
        null,
        null,
        1,
        null,
        1,
        2,
        null,
        null,
        null,
        null,
        null,
        null,
        null,
        null,
        null,
        null,
        null
      ],
      "/Users/jeneveparrish/Turing/3module/pivot/pivot_ticket/app/controllers/events_controller.rb": [
        1,
        null,
        1,
        26,
        26,
        26,
        26,
        26,
        26,
        26,
        null,
        null,
        null,
        1,
        9,
        9,
        9,
        null,
        null,
        null
      ],
      "/Users/jeneveparrish/Turing/3module/pivot/pivot_ticket/app/controllers/admin/tickets_controller.rb": [
        1,
        1,
        1,
        null,
        1,
        5,
        null,
        null,
        1,
        1,
        1,
        null,
        null,
        1,
        1,
        1,
        null,
        null,
        1,
        0,
        0,
        null,
        null,
        1,
        0,
        0,
        0,
        null,
        0,
        0,
        null,
        null,
        null,
        1,
        null,
        null,
        1,
        0,
        0,
        null,
        null,
        1,
        null,
        1,
        0,
        null,
        null,
        1,
        2,
        null,
        null
      ],
      "/Users/jeneveparrish/Turing/3module/pivot/pivot_ticket/app/controllers/users_controller.rb": [
        1,
        1,
        null,
        1,
        6,
        null,
        null,
        1,
        3,
        3,
        3,
        3,
        3,
        3,
        null,
        0,
        0,
        null,
        null,
        null,
        1,
        1,
        null,
        null,
        1,
        1,
        1,
        1,
        null,
        null,
        1,
        12,
        12,
        null,
        null,
        1,
        null,
        1,
        4,
        null,
        null,
        null,
        null,
        null,
        null,
        1,
        14,
        null,
        null
      ],
      "/Users/jeneveparrish/Turing/3module/pivot/pivot_ticket/app/controllers/sessions_controller.rb": [
        1,
        1,
        3,
        1,
        1,
        null,
        2,
        2,
        2,
        null,
        0,
        0,
        null,
        null,
        null,
        null,
        1,
        1,
        1,
        null,
        null,
        1,
        null,
        1,
        3,
        1,
        null,
        2,
        null,
        null,
        null,
        1,
        4,
        null,
        null,
        1,
        3,
        3,
        3,
        null,
        null
      ],
      "/Users/jeneveparrish/Turing/3module/pivot/pivot_ticket/app/controllers/admin/venues_controller.rb": [
        1,
        1,
        null,
        1,
        1,
        null,
        null,
        1,
        1,
        1,
        null,
        null,
        1,
        1,
        1,
        null,
        null,
        1,
        12,
        1,
        11,
        0,
        0,
        11,
        11,
        0,
        0,
        0,
        null,
        0,
        null,
        null,
        null,
        null,
        1,
        null,
        null,
        null,
        1,
        1,
        null,
        null,
        1,
        1,
        1,
        1,
        1,
        null,
        0,
        0,
        null,
        null,
        null,
        1,
        null,
        null,
        1,
        1,
        1,
        1,
        null,
        0,
        0,
        null,
        null,
        null,
        1,
        null,
        null,
        null,
        1,
        null,
        1,
        2,
        null,
        null,
        1,
        4,
        null,
        null,
        1,
        13,
        null,
        null
      ],
      "/Users/jeneveparrish/Turing/3module/pivot/pivot_ticket/app/controllers/admin/venue_moderators_controller.rb": [
        1,
        null,
        1,
        null,
        1,
        3,
        3,
        null,
        null,
        1,
        null,
        null,
        1,
        1,
        0,
        0,
        null,
        0,
        null,
        null,
        null,
        null,
        1,
        1,
        1,
        1,
        1,
        1,
        1,
        null,
        0,
        0,
        null,
        null,
        null,
        1,
        1,
        1,
        1,
        null,
        null,
        1,
        null,
        1,
        1,
        null,
        null,
        null
      ],
      "/Users/jeneveparrish/Turing/3module/pivot/pivot_ticket/app/controllers/carts_controller.rb": [
        1,
        1,
        null,
        1,
        11,
        11,
        11,
        null,
        null,
        1,
        1,
        1,
        null,
        1,
        null,
        1,
        null,
        null,
        1,
        null,
        null,
        1,
        null,
        1,
        12,
        null,
        null,
        1,
        1,
        null,
        null,
        null,
        null,
        null,
        null
      ],
      "/Users/jeneveparrish/Turing/3module/pivot/pivot_ticket/app/controllers/categories_controller.rb": [
        1,
        1,
        1,
        1,
        1,
        1,
        null,
        null
      ],
      "/Users/jeneveparrish/Turing/3module/pivot/pivot_ticket/app/controllers/orders_controller.rb": [
        1,
        1,
        null,
        1,
        2,
        2,
        2,
        2,
        2,
        2,
        2,
        null,
        0,
        0,
        null,
        null,
        null,
        1,
        2,
        null,
        null,
        1,
        1,
        null,
        null
      ],
      "/Users/jeneveparrish/Turing/3module/pivot/pivot_ticket/app/controllers/tickets_controller.rb": [
        1,
        1,
        1,
        1,
        null,
        1,
        1,
        1,
        1,
        null,
        null,
        1,
        0,
        0,
        0,
        0,
        0,
        0,
        0,
        null,
        0,
        0,
        0,
        null,
        null,
        null,
        1,
        1,
        1,
        null,
        null,
        1,
        1,
        1,
        null,
        null,
        1,
        1,
        1,
        null,
        null,
        1,
        1,
        1,
        1,
        1,
        1,
        1,
        1,
        null,
        0,
        0,
        null,
        null,
        null,
        1,
        0,
        0,
        0,
        null,
        null,
        null,
        1,
        0,
        0,
        null,
        null,
        1,
        null,
        1,
        1,
        null,
        null,
        1,
        2,
        null,
        null
      ],
      "/Users/jeneveparrish/Turing/3module/pivot/pivot_ticket/app/controllers/venues_controller.rb": [
        1,
        1,
        1,
        1,
        1,
        1,
        null,
        null
      ],
      "/Users/jeneveparrish/Turing/3module/pivot/pivot_ticket/app/models/qr.rb": [

      ]
    },
    "timestamp": 1463667129
  }
}
